(0000) 3000  0011000000000000 (  24)                 .ORIG x3000
(3000) E22D  1110001000101101 (  25)                 LEA   R1 HELLO
(3001) 6440  0110010001000000 (  26) AGAIN           LDR   R2 R1 #0
(3002) 0402  0000010000000010 (  27)                 BRZ   NEXT
(3003) 1261  0001001001100001 (  28)                 ADD   R1 R1 #1
(3004) 0FFC  0000111111111100 (  29)                 BRNZP AGAIN
(3005) E00F  1110000000001111 (  30) NEXT            LEA   R0 PROMPT
(3006) F022  1111000000100010 (  31)                 TRAP  x22
(3007) 260C  0010011000001100 (  32)                 LD    R3 NEGENTER
(3008) F020  1111000000100000 (  34) AGAIN2          TRAP  x20
(3009) F021  1111000000100001 (  35)                 TRAP  x21
(300A) 1403  0001010000000011 (  36)                 ADD   R2 R0 R3
(300B) 0403  0000010000000011 (  37)                 BRZ   CONT
(300C) 7040  0111000001000000 (  38)                 STR   R0 R1 #0
(300D) 1261  0001001001100001 (  39)                 ADD   R1 R1 #1
(300E) 0FF9  0000111111111001 (  41)                 BRNZP AGAIN2
(300F) 54A0  0101010010100000 (  42) CONT            AND   R2 R2 #0
(3010) 7440  0111010001000000 (  43)                 STR   R2 R1 #0
(3011) 5260  0101001001100000 (  48)                 AND   R1 R1 #0
(3012) 4040  0100000001000000 (  49)                 JSRR  R1
(3013) F025  1111000000100101 (  53)                 TRAP  x25
(3014) FFF6  1111111111110110 (  55) NEGENTER        .FILL xFFF6
(3015) 0050  0000000001010000 (  56) PROMPT          .FILL x0050
(3016) 006C  0000000001101100 (  56)                 .FILL x006C
(3017) 0065  0000000001100101 (  56)                 .FILL x0065
(3018) 0061  0000000001100001 (  56)                 .FILL x0061
(3019) 0073  0000000001110011 (  56)                 .FILL x0073
(301A) 0065  0000000001100101 (  56)                 .FILL x0065
(301B) 0020  0000000000100000 (  56)                 .FILL x0020
(301C) 0065  0000000001100101 (  56)                 .FILL x0065
(301D) 006E  0000000001101110 (  56)                 .FILL x006E
(301E) 0074  0000000001110100 (  56)                 .FILL x0074
(301F) 0065  0000000001100101 (  56)                 .FILL x0065
(3020) 0072  0000000001110010 (  56)                 .FILL x0072
(3021) 0020  0000000000100000 (  56)                 .FILL x0020
(3022) 0079  0000000001111001 (  56)                 .FILL x0079
(3023) 006F  0000000001101111 (  56)                 .FILL x006F
(3024) 0075  0000000001110101 (  56)                 .FILL x0075
(3025) 0072  0000000001110010 (  56)                 .FILL x0072
(3026) 0020  0000000000100000 (  56)                 .FILL x0020
(3027) 006E  0000000001101110 (  56)                 .FILL x006E
(3028) 0061  0000000001100001 (  56)                 .FILL x0061
(3029) 006D  0000000001101101 (  56)                 .FILL x006D
(302A) 0065  0000000001100101 (  56)                 .FILL x0065
(302B) 003A  0000000000111010 (  56)                 .FILL x003A
(302C) 0020  0000000000100000 (  56)                 .FILL x0020
(302D) 0000  0000000000000000 (  56)                 .FILL x0000
(302E) 0048  0000000001001000 (  57) HELLO           .FILL x0048
(302F) 0065  0000000001100101 (  57)                 .FILL x0065
(3030) 006C  0000000001101100 (  57)                 .FILL x006C
(3031) 006C  0000000001101100 (  57)                 .FILL x006C
(3032) 006F  0000000001101111 (  57)                 .FILL x006F
(3033) 002C  0000000000101100 (  57)                 .FILL x002C
(3034) 0020  0000000000100000 (  57)                 .FILL x0020
(3035) 0000  0000000000000000 (  57)                 .FILL x0000
(3036) 0008  0000000000001000 (  58)                 .FILL x0008
(3037) 0008  0000000000001000 (  58)                 .FILL x0008
(3038) 0008  0000000000001000 (  58)                 .FILL x0008
(3039) 0008  0000000000001000 (  58)                 .FILL x0008
(303A) 0008  0000000000001000 (  58)                 .FILL x0008
(303B) 0008  0000000000001000 (  58)                 .FILL x0008
(303C) 0008  0000000000001000 (  58)                 .FILL x0008
(303D) 0008  0000000000001000 (  58)                 .FILL x0008
(303E) 0008  0000000000001000 (  58)                 .FILL x0008
(303F) 0008  0000000000001000 (  58)                 .FILL x0008
(3040) 0008  0000000000001000 (  58)                 .FILL x0008
(3041) 0008  0000000000001000 (  58)                 .FILL x0008
(3042) 0008  0000000000001000 (  58)                 .FILL x0008
(3043) 0008  0000000000001000 (  58)                 .FILL x0008
(3044) 0008  0000000000001000 (  58)                 .FILL x0008
(3045) 0008  0000000000001000 (  58)                 .FILL x0008
(3046) 0008  0000000000001000 (  58)                 .FILL x0008
(3047) 0008  0000000000001000 (  58)                 .FILL x0008
(3048) 0008  0000000000001000 (  58)                 .FILL x0008
(3049) 0008  0000000000001000 (  58)                 .FILL x0008
